Using cpu device
демонстраций: 30596 переходов
BC эпоха   0: weighted-MSE 0.1506
BC эпоха   5: weighted-MSE 0.0457
BC эпоха  10: weighted-MSE 0.0387
BC эпоха  15: weighted-MSE 0.0339
BC эпоха  20: weighted-MSE 0.0320
BC эпоха  25: weighted-MSE 0.0292
BC эпоха  30: weighted-MSE 0.0294
BC эпоха  35: weighted-MSE 0.0265
BC эпоха  40: weighted-MSE 0.0248
BC эпоха  45: weighted-MSE 0.0206
BC эпоха  50: weighted-MSE 0.0214
BC эпоха  55: weighted-MSE 0.0195
BC эпоха  59: weighted-MSE 0.0186
Traceback (most recent call last):
  File "/Users/fidlobabovich/Desktop/robozone_challenge/scripts/train_bc_sac.py", line 120, in <module>
    main()
  File "/Users/fidlobabovich/Desktop/robozone_challenge/scripts/train_bc_sac.py", line 100, in main
    model.actor.log_std.data.fill_(args.init_log_std)
    ^^^^^^^^^^^^^^^^^^^^^^^^
  File "/Users/fidlobabovich/ros2_kilted/.venv/lib/python3.11/site-packages/torch/nn/modules/module.py", line 1967, in __getattr__
    raise AttributeError(
AttributeError: 'Linear' object has no attribute 'data'
